23:19:17,837 |-WARN in ch.qos.logback.core.model.processor.AppenderModelHandler - Appender named [CONSOLE_JSON] not referenced. Skipping further processing.
23:19:17,852 |-WARN in ch.qos.logback.core.model.processor.AppenderModelHandler - Appender named [FILE_JSON] not referenced. Skipping further processing.

  .   ____          _            __ _ _
 /\\ / ___'_ __ _ _(_)_ __  __ _ \ \ \ \
( ( )\___ | '_ | '_| | '_ \/ _` | \ \ \ \
 \\/  ___)| |_)| | | | | || (_| |  ) ) ) )
  '  |____| .__|_| |_|_| |_\__, | / / / /
 =========|_|==============|___/=/_/_/_/

 :: Spring Boot ::                (v3.5.7)

23:19:17.924 [main] INFO  [] d.b.d.DistributedRateLimiterApplication - Starting DistributedRateLimiterApplication v1.2.0 using Java 17.0.16 with PID 88893 (/Users/bhuveshraina/Desktop/rate limiter latest/DistributedRateLimiter/backend-manager/target/backend-manager-1.2.0.jar started by bhuveshraina in /Users/bhuveshraina/Desktop/rate limiter latest/DistributedRateLimiter)
23:19:17.925 [main] INFO  [] d.b.d.DistributedRateLimiterApplication - No active profile set, falling back to 1 default profile: "default"
23:19:18.817 [main] INFO  [] o.s.d.r.c.RepositoryConfigurationDelegate - Multiple Spring Data modules found, entering strict repository configuration mode
23:19:18.818 [main] INFO  [] o.s.d.r.c.RepositoryConfigurationDelegate - Bootstrapping Spring Data Redis repositories in DEFAULT mode.
23:19:18.835 [main] INFO  [] o.s.d.r.c.RepositoryConfigurationDelegate - Finished Spring Data repository scanning in 8 ms. Found 0 Redis repository interfaces.
23:19:19.106 [main] INFO  [] o.s.b.w.e.tomcat.TomcatWebServer - Tomcat initialized with port 8080 (http)
23:19:19.118 [main] INFO  [] o.a.catalina.core.StandardService - Starting service [Tomcat]
23:19:19.118 [main] INFO  [] o.a.catalina.core.StandardEngine - Starting Servlet engine: [Apache Tomcat/10.1.48]
23:19:19.139 [main] INFO  [] o.a.c.c.C.[Tomcat].[localhost].[/] - Initializing Spring embedded WebApplicationContext
23:19:19.140 [main] INFO  [] o.s.b.w.s.c.ServletWebServerApplicationContext - Root WebApplicationContext: initialization completed in 1182 ms
23:19:19.706 [Redis-Health-Check] INFO  [] d.b.d.monitoring.MetricsService - Redis connection restored
23:19:19.745 [main] INFO  [] d.b.d.r.RateLimiterConfiguration - Configuration loaded from Redis successfully
23:19:20.095 [main] INFO  [] o.s.b.a.e.web.EndpointLinksResolver - Exposing 3 endpoints beneath base path '/actuator'
23:19:20.122 [main] INFO  [] o.s.b.w.e.tomcat.TomcatWebServer - Tomcat started on port 8080 (http) with context path '/'
23:19:20.134 [main] INFO  [] d.b.d.DistributedRateLimiterApplication - Started DistributedRateLimiterApplication in 2.529 seconds (process running for 2.847)
23:19:20.184 [scheduling-1] INFO  [] d.b.d.a.AdaptiveRateLimitEngine - [TELEMETRY] CPU: 0.00% | Latency: 0.00ms | Errors: 0%
23:19:20.184 [scheduling-1] DEBUG [] d.b.d.a.AdaptiveRateLimitEngine - [ADAPTIVE ENGINE] Evaluating 0 configured keys. Active traffic population: 0
23:19:21.633 [http-nio-8080-exec-1] INFO  [] o.a.c.c.C.[Tomcat].[localhost].[/] - Initializing Spring DispatcherServlet 'dispatcherServlet'
23:19:21.633 [http-nio-8080-exec-1] INFO  [] o.s.web.servlet.DispatcherServlet - Initializing Servlet 'dispatcherServlet'
23:19:21.635 [http-nio-8080-exec-1] INFO  [] o.s.web.servlet.DispatcherServlet - Completed initialization in 1 ms
23:19:25.175 [scheduling-1] INFO  [] d.b.d.a.AdaptiveRateLimitEngine - [TELEMETRY] CPU: 0.87% | Latency: 0.00ms | Errors: 0%
23:19:25.175 [scheduling-1] DEBUG [] d.b.d.a.AdaptiveRateLimitEngine - [ADAPTIVE ENGINE] Evaluating 0 configured keys. Active traffic population: 0
23:19:30.168 [scheduling-1] INFO  [] d.b.d.a.AdaptiveRateLimitEngine - [TELEMETRY] CPU: 0.68% | Latency: 0.00ms | Errors: 0%
23:19:30.168 [scheduling-1] DEBUG [] d.b.d.a.AdaptiveRateLimitEngine - [ADAPTIVE ENGINE] Evaluating 0 configured keys. Active traffic population: 0
23:19:32.303 [SpringApplicationShutdownHook] INFO  [] o.s.b.w.e.tomcat.GracefulShutdown - Commencing graceful shutdown. Waiting for active requests to complete
23:19:32.310 [tomcat-shutdown] INFO  [] o.s.b.w.e.tomcat.GracefulShutdown - Graceful shutdown complete
23:19:32.329 [SpringApplicationShutdownHook] WARN  [] o.s.c.a.CommonAnnotationBeanPostProcessor - Destroy method on bean with name 'metricsService' threw an exception: java.lang.IllegalStateException: LettuceConnectionFactory has been STOPPED. Use start() to initialize it
